<?xml version="1.0" encoding="UTF-8" ?>
<testsuite failures="0" time="0.275" errors="0" skipped="0" tests="6" name="com.simpleDbVersion.SimpleDbVersionTest">
  <properties>
[...]
</properties>
  <testcase time="0.025" classname="com.simpleDbVersion.SimpleDbVersionTest" name="testIsOutOfVersionWhenHasScriptsAndNeverWasInstalled"/>
  <testcase time="0" classname="com.simpleDbVersion.SimpleDbVersionTest" name="testIsOutOfVersionWhenTheresANewVersionAvailable"/>
  <testcase time="0.004" classname="com.simpleDbVersion.SimpleDbVersionTest" name="testIsOutOfVersionWhenTheresANewScriptAvailable"/>
  <testcase time="0.001" classname="com.simpleDbVersion.SimpleDbVersionTest" name="testIsOutOfVersionWhenAllScriptsWereInstalled"/>
  <testcase time="0.011" classname="com.simpleDbVersion.SimpleDbVersionTest" name="testUpdateVersionShouldNOTBeInvokedWhenDbIsNOTOutOfVersion"/>
  <testcase time="0.003" classname="com.simpleDbVersion.SimpleDbVersionTest" name="testUpdateVersionShouldBeInvokedWhenDbIsOutOfVersion"/>
</testsuite>